<?xml version="1.0" encoding="UTF-8"?>
<testng-results ignored="0" total="2" passed="2" failed="0" skipped="0">
  <reporter-output>
  </reporter-output>
  <suite started-at="2023-07-06T12:13:32 IST" name="Default suite" finished-at="2023-07-06T12:14:32 IST" duration-ms="60221">
    <groups>
    </groups>
    <test started-at="2023-07-06T12:13:32 IST" name="Default test" finished-at="2023-07-06T12:14:32 IST" duration-ms="60221">
      <class name="com.testRunner.Runner">
        <test-method is-config="true" signature="driverlaunch()[pri:0, instance:com.testRunner.Runner@1b7cc17c]" started-at="2023-07-06T12:13:24 IST" name="driverlaunch" finished-at="2023-07-06T12:13:32 IST" duration-ms="7471" status="PASS">
          <reporter-output>
          </reporter-output>
        </test-method> <!-- driverlaunch -->
        <test-method is-config="true" signature="urllaunch()[pri:0, instance:com.testRunner.Runner@1b7cc17c]" started-at="2023-07-06T12:13:32 IST" name="urllaunch" finished-at="2023-07-06T12:13:45 IST" duration-ms="13107" status="PASS">
          <reporter-output>
          </reporter-output>
        </test-method> <!-- urllaunch -->
        <test-method signature="login()[pri:0, instance:com.testRunner.Runner@1b7cc17c]" started-at="2023-07-06T12:13:45 IST" name="login" finished-at="2023-07-06T12:13:54 IST" duration-ms="8495" status="PASS">
          <reporter-output>
          </reporter-output>
        </test-method> <!-- login -->
        <test-method is-config="true" signature="urllaunch()[pri:0, instance:com.testRunner.Runner@1b7cc17c]" started-at="2023-07-06T12:13:54 IST" name="urllaunch" finished-at="2023-07-06T12:13:57 IST" duration-ms="2961" status="PASS">
          <reporter-output>
          </reporter-output>
        </test-method> <!-- urllaunch -->
        <test-method signature="pim()[pri:0, instance:com.testRunner.Runner@1b7cc17c]" started-at="2023-07-06T12:13:57 IST" name="pim" finished-at="2023-07-06T12:14:32 IST" depends-on-methods="com.testRunner.Runner.login" duration-ms="35411" status="PASS">
          <reporter-output>
          </reporter-output>
        </test-method> <!-- pim -->
      </class> <!-- com.testRunner.Runner -->
    </test> <!-- Default test -->
  </suite> <!-- Default suite -->
</testng-results>
